# JRE version: Java(TM) SE Runtime Environment (8.0_191-b12) (build 1.8.0_191-b12)
# Java VM: Java HotSpot(TM) 64-Bit Server VM (25.191-b12 mixed mode windows-amd64 compressed oops)
Heap:
 PSYoungGen      total 348160K, used 33992K [0x000000076b400000, 0x000000078a100000, 0x00000007c0000000)
  eden space 311296K, 6% used [0x000000076b400000,0x000000076c843718,0x000000077e400000)
  from space 36864K, 35% used [0x000000077e400000,0x000000077f0ee928,0x0000000780800000)
  to   space 35840K, 0% used [0x0000000787e00000,0x0000000787e00000,0x000000078a100000)
 ParOldGen       total 173568K, used 34536K [0x00000006c1c00000, 0x00000006cc580000, 0x000000076b400000)
  object space 173568K, 19% used [0x00000006c1c00000,0x00000006c3dba110,0x00000006cc580000)
 Metaspace       used 41991K, capacity 43346K, committed 43352K, reserved 1087488K
  class space    used 4965K, capacity 5242K, committed 5248K, reserved 1048576K
GC Heap History (10 events):
Event: 11.388 GC heap before
{Heap before GC invocations=11 (full 1):
 PSYoungGen      total 174080K, used 174077K [0x000000076b400000, 0x000000077c480000, 0x00000007c0000000)
  eden space 150528K, 100% used [0x000000076b400000,0x0000000774700000,0x0000000774700000)
  from space 23552K, 99% used [0x0000000774700000,0x0000000775dff6d0,0x0000000775e00000)
  to   space 29696K, 0% used [0x000000077a780000,0x000000077a780000,0x000000077c480000)
 ParOldGen       total 115712K, used 36285K [0x00000006c1c00000, 0x00000006c8d00000, 0x000000076b400000)
  object space 115712K, 31% used [0x00000006c1c00000,0x00000006c3f6f670,0x00000006c8d00000)
 Metaspace       used 24319K, capacity 24918K, committed 25088K, reserved 1071104K
  class space    used 2801K, capacity 2972K, committed 3072K, reserved 1048576K
Event: 11.431 GC heap after
Heap after GC invocations=11 (full 1):
 PSYoungGen      total 245760K, used 29185K [0x000000076b400000, 0x000000077cb80000, 0x00000007c0000000)
  eden space 216064K, 0% used [0x000000076b400000,0x000000076b400000,0x0000000778700000)
  from space 29696K, 98% used [0x000000077a780000,0x000000077c400570,0x000000077c480000)
  to   space 33280K, 0% used [0x0000000778700000,0x0000000778700000,0x000000077a780000)
 ParOldGen       total 115712K, used 41253K [0x00000006c1c00000, 0x00000006c8d00000, 0x000000076b400000)
  object space 115712K, 35% used [0x00000006c1c00000,0x00000006c44494a8,0x00000006c8d00000)
 Metaspace       used 24319K, capacity 24918K, committed 25088K, reserved 1071104K
  class space    used 2801K, capacity 2972K, committed 3072K, reserved 1048576K
}
Event: 12.642 GC heap before
{Heap before GC invocations=12 (full 1):
 PSYoungGen      total 245760K, used 245249K [0x000000076b400000, 0x000000077cb80000, 0x00000007c0000000)
  eden space 216064K, 100% used [0x000000076b400000,0x0000000778700000,0x0000000778700000)
  from space 29696K, 98% used [0x000000077a780000,0x000000077c400570,0x000000077c480000)
  to   space 33280K, 0% used [0x0000000778700000,0x0000000778700000,0x000000077a780000)
 ParOldGen       total 115712K, used 41253K [0x00000006c1c00000, 0x00000006c8d00000, 0x000000076b400000)
  object space 115712K, 35% used [0x00000006c1c00000,0x00000006c44494a8,0x00000006c8d00000)
 Metaspace       used 24376K, capacity 25046K, committed 25344K, reserved 1071104K
  class space    used 2807K, capacity 2972K, committed 3072K, reserved 1048576K
Event: 12.694 GC heap after
Heap after GC invocations=12 (full 1):
 PSYoungGen      total 249344K, used 32410K [0x000000076b400000, 0x0000000783080000, 0x00000007c0000000)
  eden space 216064K, 0% used [0x000000076b400000,0x000000076b400000,0x0000000778700000)
  from space 33280K, 97% used [0x0000000778700000,0x000000077a6a68e8,0x000000077a780000)
  to   space 37376K, 0% used [0x0000000780c00000,0x0000000780c00000,0x0000000783080000)
 ParOldGen       total 115712K, used 43700K [0x00000006c1c00000, 0x00000006c8d00000, 0x000000076b400000)
  object space 115712K, 37% used [0x00000006c1c00000,0x00000006c46ad2d8,0x00000006c8d00000)
 Metaspace       used 24376K, capacity 25046K, committed 25344K, reserved 1071104K
  class space    used 2807K, capacity 2972K, committed 3072K, reserved 1048576K
}
Event: 16.310 GC heap before
{Heap before GC invocations=13 (full 1):
 PSYoungGen      total 249344K, used 138142K [0x000000076b400000, 0x0000000783080000, 0x00000007c0000000)
  eden space 216064K, 48% used [0x000000076b400000,0x0000000771b412e0,0x0000000778700000)
  from space 33280K, 97% used [0x0000000778700000,0x000000077a6a68e8,0x000000077a780000)
  to   space 37376K, 0% used [0x0000000780c00000,0x0000000780c00000,0x0000000783080000)
 ParOldGen       total 115712K, used 43700K [0x00000006c1c00000, 0x00000006c8d00000, 0x000000076b400000)
  object space 115712K, 37% used [0x00000006c1c00000,0x00000006c46ad2d8,0x00000006c8d00000)
 Metaspace       used 34420K, capacity 35154K, committed 35416K, reserved 1081344K
  class space    used 4024K, capacity 4206K, committed 4224K, reserved 1048576K
Event: 16.383 GC heap after
Heap after GC invocations=13 (full 1):
 PSYoungGen      total 344064K, used 10109K [0x000000076b400000, 0x0000000782c00000, 0x00000007c0000000)
  eden space 311296K, 0% used [0x000000076b400000,0x000000076b400000,0x000000077e400000)
  from space 32768K, 30% used [0x0000000780c00000,0x00000007815df4e0,0x0000000782c00000)
  to   space 36864K, 0% used [0x000000077e400000,0x000000077e400000,0x0000000780800000)
 ParOldGen       total 115712K, used 49558K [0x00000006c1c00000, 0x00000006c8d00000, 0x000000076b400000)
  object space 115712K, 42% used [0x00000006c1c00000,0x00000006c4c658c0,0x00000006c8d00000)
 Metaspace       used 34420K, capacity 35154K, committed 35416K, reserved 1081344K
  class space    used 4024K, capacity 4206K, committed 4224K, reserved 1048576K
}
Event: 16.383 GC heap before
{Heap before GC invocations=14 (full 2):
 PSYoungGen      total 344064K, used 10109K [0x000000076b400000, 0x0000000782c00000, 0x00000007c0000000)
  eden space 311296K, 0% used [0x000000076b400000,0x000000076b400000,0x000000077e400000)
  from space 32768K, 30% used [0x0000000780c00000,0x00000007815df4e0,0x0000000782c00000)
  to   space 36864K, 0% used [0x000000077e400000,0x000000077e400000,0x0000000780800000)
 ParOldGen       total 115712K, used 49558K [0x00000006c1c00000, 0x00000006c8d00000, 0x000000076b400000)
  object space 115712K, 42% used [0x00000006c1c00000,0x00000006c4c658c0,0x00000006c8d00000)
 Metaspace       used 34420K, capacity 35154K, committed 35416K, reserved 1081344K
  class space    used 4024K, capacity 4206K, committed 4224K, reserved 1048576K
Event: 16.578 GC heap after
Heap after GC invocations=14 (full 2):
 PSYoungGen      total 344064K, used 0K [0x000000076b400000, 0x0000000782c00000, 0x00000007c0000000)
  eden space 311296K, 0% used [0x000000076b400000,0x000000076b400000,0x000000077e400000)
  from space 32768K, 0% used [0x0000000780c00000,0x0000000780c00000,0x0000000782c00000)
  to   space 36864K, 0% used [0x000000077e400000,0x000000077e400000,0x0000000780800000)
 ParOldGen       total 173568K, used 34528K [0x00000006c1c00000, 0x00000006cc580000, 0x000000076b400000)
  object space 173568K, 19% used [0x00000006c1c00000,0x00000006c3db8110,0x00000006cc580000)
 Metaspace       used 34420K, capacity 35154K, committed 35416K, reserved 1081344K
  class space    used 4024K, capacity 4206K, committed 4224K, reserved 1048576K
}
Event: 20.938 GC heap before
{Heap before GC invocations=15 (full 2):
 PSYoungGen      total 344064K, used 311296K [0x000000076b400000, 0x0000000782c00000, 0x00000007c0000000)
  eden space 311296K, 100% used [0x000000076b400000,0x000000077e400000,0x000000077e400000)
  from space 32768K, 0% used [0x0000000780c00000,0x0000000780c00000,0x0000000782c00000)
  to   space 36864K, 0% used [0x000000077e400000,0x000000077e400000,0x0000000780800000)
 ParOldGen       total 173568K, used 34528K [0x00000006c1c00000, 0x00000006cc580000, 0x000000076b400000)
  object space 173568K, 19% used [0x00000006c1c00000,0x00000006c3db8110,0x00000006cc580000)
 Metaspace       used 41845K, capacity 43186K, committed 43352K, reserved 1087488K
  class space    used 4942K, capacity 5210K, committed 5248K, reserved 1048576K
Event: 21.007 GC heap after
Heap after GC invocations=15 (full 2):
 PSYoungGen      total 348160K, used 13242K [0x000000076b400000, 0x000000078a100000, 0x00000007c0000000)
  eden space 311296K, 0% used [0x000000076b400000,0x000000076b400000,0x000000077e400000)
  from space 36864K, 35% used [0x000000077e400000,0x000000077f0ee928,0x0000000780800000)
  to   space 35840K, 0% used [0x0000000787e00000,0x0000000787e00000,0x000000078a100000)
 ParOldGen       total 173568K, used 34536K [0x00000006c1c00000, 0x00000006cc580000, 0x000000076b400000)
  object space 173568K, 19% used [0x00000006c1c00000,0x00000006c3dba110,0x00000006cc580000)
 Metaspace       used 41845K, capacity 43186K, committed 43352K, reserved 1087488K
  class space    used 4942K, capacity 5210K, committed 5248K, reserved 1048576K
}

