# JRE version: Java(TM) SE Runtime Environment (8.0_191-b12) (build 1.8.0_191-b12)
# Java VM: Java HotSpot(TM) 64-Bit Server VM (25.191-b12 mixed mode windows-amd64 compressed oops)
Heap:
 PSYoungGen      total 225280K, used 41046K [0x000000076b400000, 0x000000077c600000, 0x00000007c0000000)
  eden space 195584K, 20% used [0x000000076b400000,0x000000076dc15ac8,0x0000000777300000)
  from space 29696K, 0% used [0x0000000779580000,0x0000000779580000,0x000000077b280000)
  to   space 35328K, 0% used [0x0000000777300000,0x0000000777300000,0x0000000779580000)
 ParOldGen       total 166400K, used 30288K [0x00000006c1c00000, 0x00000006cbe80000, 0x000000076b400000)
  object space 166400K, 18% used [0x00000006c1c00000,0x00000006c39940a8,0x00000006cbe80000)
 Metaspace       used 35862K, capacity 36534K, committed 36824K, reserved 1081344K
  class space    used 4261K, capacity 4432K, committed 4480K, reserved 1048576K
GC Heap History (10 events):
Event: 16.259 GC heap before
{Heap before GC invocations=10 (full 1):
 PSYoungGen      total 163840K, used 163809K [0x000000076b400000, 0x000000077a880000, 0x00000007c0000000)
  eden space 145920K, 100% used [0x000000076b400000,0x0000000774280000,0x0000000774280000)
  from space 17920K, 99% used [0x0000000775980000,0x0000000776af87e8,0x0000000776b00000)
  to   space 23552K, 0% used [0x0000000774280000,0x0000000774280000,0x0000000775980000)
 ParOldGen       total 120320K, used 28272K [0x00000006c1c00000, 0x00000006c9180000, 0x000000076b400000)
  object space 120320K, 23% used [0x00000006c1c00000,0x00000006c379c0f8,0x00000006c9180000)
 Metaspace       used 24301K, capacity 24918K, committed 25088K, reserved 1071104K
  class space    used 2801K, capacity 2972K, committed 3072K, reserved 1048576K
Event: 16.295 GC heap after
Heap after GC invocations=10 (full 1):
 PSYoungGen      total 169472K, used 23527K [0x000000076b400000, 0x000000077b280000, 0x00000007c0000000)
  eden space 145920K, 0% used [0x000000076b400000,0x000000076b400000,0x0000000774280000)
  from space 23552K, 99% used [0x0000000774280000,0x0000000775979e18,0x0000000775980000)
  to   space 29696K, 0% used [0x0000000779580000,0x0000000779580000,0x000000077b280000)
 ParOldGen       total 120320K, used 36258K [0x00000006c1c00000, 0x00000006c9180000, 0x000000076b400000)
  object space 120320K, 30% used [0x00000006c1c00000,0x00000006c3f688a8,0x00000006c9180000)
 Metaspace       used 24301K, capacity 24918K, committed 25088K, reserved 1071104K
  class space    used 2801K, capacity 2972K, committed 3072K, reserved 1048576K
}
Event: 17.243 GC heap before
{Heap before GC invocations=11 (full 1):
 PSYoungGen      total 169472K, used 169447K [0x000000076b400000, 0x000000077b280000, 0x00000007c0000000)
  eden space 145920K, 100% used [0x000000076b400000,0x0000000774280000,0x0000000774280000)
  from space 23552K, 99% used [0x0000000774280000,0x0000000775979e18,0x0000000775980000)
  to   space 29696K, 0% used [0x0000000779580000,0x0000000779580000,0x000000077b280000)
 ParOldGen       total 120320K, used 36258K [0x00000006c1c00000, 0x00000006c9180000, 0x000000076b400000)
  object space 120320K, 30% used [0x00000006c1c00000,0x00000006c3f688a8,0x00000006c9180000)
 Metaspace       used 24320K, capacity 24986K, committed 25344K, reserved 1071104K
  class space    used 2803K, capacity 2972K, committed 3072K, reserved 1048576K
Event: 17.329 GC heap after
Heap after GC invocations=11 (full 1):
 PSYoungGen      total 225280K, used 29682K [0x000000076b400000, 0x000000077c600000, 0x00000007c0000000)
  eden space 195584K, 0% used [0x000000076b400000,0x000000076b400000,0x0000000777300000)
  from space 29696K, 99% used [0x0000000779580000,0x000000077b27c9a0,0x000000077b280000)
  to   space 35328K, 0% used [0x0000000777300000,0x0000000777300000,0x0000000779580000)
 ParOldGen       total 120320K, used 41667K [0x00000006c1c00000, 0x00000006c9180000, 0x000000076b400000)
  object space 120320K, 34% used [0x00000006c1c00000,0x00000006c44b0f00,0x00000006c9180000)
 Metaspace       used 24320K, capacity 24986K, committed 25344K, reserved 1071104K
  class space    used 2803K, capacity 2972K, committed 3072K, reserved 1048576K
}
Event: 19.437 GC heap before
{Heap before GC invocations=12 (full 1):
 PSYoungGen      total 225280K, used 225266K [0x000000076b400000, 0x000000077c600000, 0x00000007c0000000)
  eden space 195584K, 100% used [0x000000076b400000,0x0000000777300000,0x0000000777300000)
  from space 29696K, 99% used [0x0000000779580000,0x000000077b27c9a0,0x000000077b280000)
  to   space 35328K, 0% used [0x0000000777300000,0x0000000777300000,0x0000000779580000)
 ParOldGen       total 120320K, used 41667K [0x00000006c1c00000, 0x00000006c9180000, 0x000000076b400000)
  object space 120320K, 34% used [0x00000006c1c00000,0x00000006c44b0f00,0x00000006c9180000)
 Metaspace       used 30342K, capacity 31008K, committed 31488K, reserved 1077248K
  class space    used 3552K, capacity 3723K, committed 3840K, reserved 1048576K
Event: 19.854 GC heap after
Heap after GC invocations=12 (full 1):
 PSYoungGen      total 230912K, used 27904K [0x000000076b400000, 0x000000077c600000, 0x00000007c0000000)
  eden space 195584K, 0% used [0x000000076b400000,0x000000076b400000,0x0000000777300000)
  from space 35328K, 78% used [0x0000000777300000,0x0000000778e40370,0x0000000779580000)
  to   space 29696K, 0% used [0x0000000779580000,0x0000000779580000,0x000000077b280000)
 ParOldGen       total 120320K, used 43682K [0x00000006c1c00000, 0x00000006c9180000, 0x000000076b400000)
  object space 120320K, 36% used [0x00000006c1c00000,0x00000006c46a8850,0x00000006c9180000)
 Metaspace       used 30342K, capacity 31008K, committed 31488K, reserved 1077248K
  class space    used 3552K, capacity 3723K, committed 3840K, reserved 1048576K
}
Event: 22.437 GC heap before
{Heap before GC invocations=13 (full 1):
 PSYoungGen      total 230912K, used 91055K [0x000000076b400000, 0x000000077c600000, 0x00000007c0000000)
  eden space 195584K, 32% used [0x000000076b400000,0x000000076f1abbe8,0x0000000777300000)
  from space 35328K, 78% used [0x0000000777300000,0x0000000778e40370,0x0000000779580000)
  to   space 29696K, 0% used [0x0000000779580000,0x0000000779580000,0x000000077b280000)
 ParOldGen       total 120320K, used 43682K [0x00000006c1c00000, 0x00000006c9180000, 0x000000076b400000)
  object space 120320K, 36% used [0x00000006c1c00000,0x00000006c46a8850,0x00000006c9180000)
 Metaspace       used 34441K, capacity 35114K, committed 35416K, reserved 1081344K
  class space    used 4047K, capacity 4238K, committed 4352K, reserved 1048576K
Event: 22.466 GC heap after
Heap after GC invocations=13 (full 1):
 PSYoungGen      total 225280K, used 5565K [0x000000076b400000, 0x000000077c600000, 0x00000007c0000000)
  eden space 195584K, 0% used [0x000000076b400000,0x000000076b400000,0x0000000777300000)
  from space 29696K, 18% used [0x0000000779580000,0x0000000779aef640,0x000000077b280000)
  to   space 35328K, 0% used [0x0000000777300000,0x0000000777300000,0x0000000779580000)
 ParOldGen       total 120320K, used 50182K [0x00000006c1c00000, 0x00000006c9180000, 0x000000076b400000)
  object space 120320K, 41% used [0x00000006c1c00000,0x00000006c4d019e0,0x00000006c9180000)
 Metaspace       used 34441K, capacity 35114K, committed 35416K, reserved 1081344K
  class space    used 4047K, capacity 4238K, committed 4352K, reserved 1048576K
}
Event: 22.466 GC heap before
{Heap before GC invocations=14 (full 2):
 PSYoungGen      total 225280K, used 5565K [0x000000076b400000, 0x000000077c600000, 0x00000007c0000000)
  eden space 195584K, 0% used [0x000000076b400000,0x000000076b400000,0x0000000777300000)
  from space 29696K, 18% used [0x0000000779580000,0x0000000779aef640,0x000000077b280000)
  to   space 35328K, 0% used [0x0000000777300000,0x0000000777300000,0x0000000779580000)
 ParOldGen       total 120320K, used 50182K [0x00000006c1c00000, 0x00000006c9180000, 0x000000076b400000)
  object space 120320K, 41% used [0x00000006c1c00000,0x00000006c4d019e0,0x00000006c9180000)
 Metaspace       used 34441K, capacity 35114K, committed 35416K, reserved 1081344K
  class space    used 4047K, capacity 4238K, committed 4352K, reserved 1048576K
Event: 22.645 GC heap after
Heap after GC invocations=14 (full 2):
 PSYoungGen      total 225280K, used 0K [0x000000076b400000, 0x000000077c600000, 0x00000007c0000000)
  eden space 195584K, 0% used [0x000000076b400000,0x000000076b400000,0x0000000777300000)
  from space 29696K, 0% used [0x0000000779580000,0x0000000779580000,0x000000077b280000)
  to   space 35328K, 0% used [0x0000000777300000,0x0000000777300000,0x0000000779580000)
 ParOldGen       total 166400K, used 30288K [0x00000006c1c00000, 0x00000006cbe80000, 0x000000076b400000)
  object space 166400K, 18% used [0x00000006c1c00000,0x00000006c39940a8,0x00000006cbe80000)
 Metaspace       used 34441K, capacity 35114K, committed 35416K, reserved 1081344K
  class space    used 4047K, capacity 4238K, committed 4352K, reserved 1048576K
}

