# JRE version: Java(TM) SE Runtime Environment (8.0_191-b12) (build 1.8.0_191-b12)
# Java VM: Java HotSpot(TM) 64-Bit Server VM (25.191-b12 mixed mode windows-amd64 compressed oops)
Heap:
 PSYoungGen      total 177152K, used 56628K [0x000000076b400000, 0x000000077b500000, 0x00000007c0000000)
  eden space 158720K, 24% used [0x000000076b400000,0x000000076d94fb20,0x0000000774f00000)
  from space 18432K, 99% used [0x0000000776680000,0x000000077787d628,0x0000000777880000)
  to   space 24064K, 0% used [0x0000000774f00000,0x0000000774f00000,0x0000000776680000)
 ParOldGen       total 112640K, used 28473K [0x00000006c1c00000, 0x00000006c8a00000, 0x000000076b400000)
  object space 112640K, 25% used [0x00000006c1c00000,0x00000006c37ce570,0x00000006c8a00000)
 Metaspace       used 24246K, capacity 24826K, committed 25008K, reserved 1071104K
  class space    used 2799K, capacity 2940K, committed 2992K, reserved 1048576K
GC Heap History (10 events):
Event: 3.972 GC heap before
{Heap before GC invocations=5 (full 0):
 PSYoungGen      total 76288K, used 42189K [0x000000076b400000, 0x0000000774900000, 0x00000007c0000000)
  eden space 65536K, 48% used [0x000000076b400000,0x000000076d2b96c8,0x000000076f400000)
  from space 10752K, 99% used [0x000000076fe80000,0x00000007708fa020,0x0000000770900000)
  to   space 10752K, 0% used [0x000000076f400000,0x000000076f400000,0x000000076fe80000)
 ParOldGen       total 175104K, used 1741K [0x00000006c1c00000, 0x00000006cc700000, 0x000000076b400000)
  object space 175104K, 0% used [0x00000006c1c00000,0x00000006c1db35f8,0x00000006cc700000)
 Metaspace       used 20632K, capacity 21192K, committed 21296K, reserved 1069056K
  class space    used 2402K, capacity 2563K, committed 2608K, reserved 1048576K
Event: 3.984 GC heap after
Heap after GC invocations=5 (full 0):
 PSYoungGen      total 76288K, used 10728K [0x000000076b400000, 0x0000000775200000, 0x00000007c0000000)
  eden space 65536K, 0% used [0x000000076b400000,0x000000076b400000,0x000000076f400000)
  from space 10752K, 99% used [0x000000076f400000,0x000000076fe7a040,0x000000076fe80000)
  to   space 15360K, 0% used [0x0000000774300000,0x0000000774300000,0x0000000775200000)
 ParOldGen       total 175104K, used 5218K [0x00000006c1c00000, 0x00000006cc700000, 0x000000076b400000)
  object space 175104K, 2% used [0x00000006c1c00000,0x00000006c2118880,0x00000006cc700000)
 Metaspace       used 20632K, capacity 21192K, committed 21296K, reserved 1069056K
  class space    used 2402K, capacity 2563K, committed 2608K, reserved 1048576K
}
Event: 3.984 GC heap before
{Heap before GC invocations=6 (full 1):
 PSYoungGen      total 76288K, used 10728K [0x000000076b400000, 0x0000000775200000, 0x00000007c0000000)
  eden space 65536K, 0% used [0x000000076b400000,0x000000076b400000,0x000000076f400000)
  from space 10752K, 99% used [0x000000076f400000,0x000000076fe7a040,0x000000076fe80000)
  to   space 15360K, 0% used [0x0000000774300000,0x0000000774300000,0x0000000775200000)
 ParOldGen       total 175104K, used 5218K [0x00000006c1c00000, 0x00000006cc700000, 0x000000076b400000)
  object space 175104K, 2% used [0x00000006c1c00000,0x00000006c2118880,0x00000006cc700000)
 Metaspace       used 20632K, capacity 21192K, committed 21296K, reserved 1069056K
  class space    used 2402K, capacity 2563K, committed 2608K, reserved 1048576K
Event: 4.042 GC heap after
Heap after GC invocations=6 (full 1):
 PSYoungGen      total 76288K, used 0K [0x000000076b400000, 0x0000000775200000, 0x00000007c0000000)
  eden space 65536K, 0% used [0x000000076b400000,0x000000076b400000,0x000000076f400000)
  from space 10752K, 0% used [0x000000076f400000,0x000000076f400000,0x000000076fe80000)
  to   space 15360K, 0% used [0x0000000774300000,0x0000000774300000,0x0000000775200000)
 ParOldGen       total 112640K, used 15071K [0x00000006c1c00000, 0x00000006c8a00000, 0x000000076b400000)
  object space 112640K, 13% used [0x00000006c1c00000,0x00000006c2ab7f10,0x00000006c8a00000)
 Metaspace       used 20632K, capacity 21192K, committed 21296K, reserved 1069056K
  class space    used 2402K, capacity 2563K, committed 2608K, reserved 1048576K
}
Event: 4.557 GC heap before
{Heap before GC invocations=7 (full 1):
 PSYoungGen      total 76288K, used 65536K [0x000000076b400000, 0x0000000775200000, 0x00000007c0000000)
  eden space 65536K, 100% used [0x000000076b400000,0x000000076f400000,0x000000076f400000)
  from space 10752K, 0% used [0x000000076f400000,0x000000076f400000,0x000000076fe80000)
  to   space 15360K, 0% used [0x0000000774300000,0x0000000774300000,0x0000000775200000)
 ParOldGen       total 112640K, used 15071K [0x00000006c1c00000, 0x00000006c8a00000, 0x000000076b400000)
  object space 112640K, 13% used [0x00000006c1c00000,0x00000006c2ab7f10,0x00000006c8a00000)
 Metaspace       used 24196K, capacity 24812K, committed 25008K, reserved 1071104K
  class space    used 2794K, capacity 2938K, committed 2992K, reserved 1048576K
Event: 4.565 GC heap after
Heap after GC invocations=7 (full 1):
 PSYoungGen      total 112640K, used 10850K [0x000000076b400000, 0x0000000774e00000, 0x00000007c0000000)
  eden space 101376K, 0% used [0x000000076b400000,0x000000076b400000,0x0000000771700000)
  from space 11264K, 96% used [0x0000000774300000,0x0000000774d98b58,0x0000000774e00000)
  to   space 14848K, 0% used [0x0000000773100000,0x0000000773100000,0x0000000773f80000)
 ParOldGen       total 112640K, used 15143K [0x00000006c1c00000, 0x00000006c8a00000, 0x000000076b400000)
  object space 112640K, 13% used [0x00000006c1c00000,0x00000006c2ac9f20,0x00000006c8a00000)
 Metaspace       used 24196K, capacity 24812K, committed 25008K, reserved 1071104K
  class space    used 2794K, capacity 2938K, committed 2992K, reserved 1048576K
}
Event: 4.842 GC heap before
{Heap before GC invocations=8 (full 1):
 PSYoungGen      total 112640K, used 112226K [0x000000076b400000, 0x0000000774e00000, 0x00000007c0000000)
  eden space 101376K, 100% used [0x000000076b400000,0x0000000771700000,0x0000000771700000)
  from space 11264K, 96% used [0x0000000774300000,0x0000000774d98b58,0x0000000774e00000)
  to   space 14848K, 0% used [0x0000000773100000,0x0000000773100000,0x0000000773f80000)
 ParOldGen       total 112640K, used 15143K [0x00000006c1c00000, 0x00000006c8a00000, 0x000000076b400000)
  object space 112640K, 13% used [0x00000006c1c00000,0x00000006c2ac9f20,0x00000006c8a00000)
 Metaspace       used 24223K, capacity 24816K, committed 25008K, reserved 1071104K
  class space    used 2795K, capacity 2938K, committed 2992K, reserved 1048576K
Event: 4.854 GC heap after
Heap after GC invocations=8 (full 1):
 PSYoungGen      total 142848K, used 14842K [0x000000076b400000, 0x0000000777880000, 0x00000007c0000000)
  eden space 128000K, 0% used [0x000000076b400000,0x000000076b400000,0x0000000773100000)
  from space 14848K, 99% used [0x0000000773100000,0x0000000773f7e998,0x0000000773f80000)
  to   space 18432K, 0% used [0x0000000776680000,0x0000000776680000,0x0000000777880000)
 ParOldGen       total 112640K, used 20194K [0x00000006c1c00000, 0x00000006c8a00000, 0x000000076b400000)
  object space 112640K, 17% used [0x00000006c1c00000,0x00000006c2fb8950,0x00000006c8a00000)
 Metaspace       used 24223K, capacity 24816K, committed 25008K, reserved 1071104K
  class space    used 2795K, capacity 2938K, committed 2992K, reserved 1048576K
}
Event: 5.178 GC heap before
{Heap before GC invocations=9 (full 1):
 PSYoungGen      total 142848K, used 142842K [0x000000076b400000, 0x0000000777880000, 0x00000007c0000000)
  eden space 128000K, 100% used [0x000000076b400000,0x0000000773100000,0x0000000773100000)
  from space 14848K, 99% used [0x0000000773100000,0x0000000773f7e998,0x0000000773f80000)
  to   space 18432K, 0% used [0x0000000776680000,0x0000000776680000,0x0000000777880000)
 ParOldGen       total 112640K, used 20194K [0x00000006c1c00000, 0x00000006c8a00000, 0x000000076b400000)
  object space 112640K, 17% used [0x00000006c1c00000,0x00000006c2fb8950,0x00000006c8a00000)
 Metaspace       used 24236K, capacity 24826K, committed 25008K, reserved 1071104K
  class space    used 2797K, capacity 2940K, committed 2992K, reserved 1048576K
Event: 5.196 GC heap after
Heap after GC invocations=9 (full 1):
 PSYoungGen      total 177152K, used 18421K [0x000000076b400000, 0x000000077b500000, 0x00000007c0000000)
  eden space 158720K, 0% used [0x000000076b400000,0x000000076b400000,0x0000000774f00000)
  from space 18432K, 99% used [0x0000000776680000,0x000000077787d628,0x0000000777880000)
  to   space 24064K, 0% used [0x0000000774f00000,0x0000000774f00000,0x0000000776680000)
 ParOldGen       total 112640K, used 28473K [0x00000006c1c00000, 0x00000006c8a00000, 0x000000076b400000)
  object space 112640K, 25% used [0x00000006c1c00000,0x00000006c37ce570,0x00000006c8a00000)
 Metaspace       used 24236K, capacity 24826K, committed 25008K, reserved 1071104K
  class space    used 2797K, capacity 2940K, committed 2992K, reserved 1048576K
}

